build/app/outputs/mapping/release/mapping.txt
# compiler: R8
# compiler_version: 1.5.69
# min_api: 19
# pg_map_id: 66eee1b
com.alpha.sample.Application -> com.alpha.sample.Application:
    android.app.Activity mCurrentActivity -> b
com.alpha.sample.FirebaseCloudMessagingPluginRegistrant -> com.alpha.sample.a:
    com.alpha.sample.FirebaseCloudMessagingPluginRegistrant$Companion Companion -> a
com.alpha.sample.FirebaseCloudMessagingPluginRegistrant$Companion -> com.alpha.sample.a$a:
    void registerWith(io.flutter.plugin.common.PluginRegistry) -> a
    boolean alreadyRegisteredWith(io.flutter.plugin.common.PluginRegistry) -> b
com.alpha.sample.FlutterLocalNotificationPluginRegistrant -> com.alpha.sample.b:
    com.alpha.sample.FlutterLocalNotificationPluginRegistrant$Companion Companion -> a
com.alpha.sample.FlutterLocalNotificationPluginRegistrant$Companion -> com.alpha.sample.b$a:
    void registerWith(io.flutter.plugin.common.PluginRegistry) -> a
    boolean alreadyRegisteredWith(io.flutter.plugin.common.PluginRegistry) -> b
...
com.google.android.gms.internal.ads.zzaks -> com.google.android.gms.internal.ads.q9:
    void zzdc(java.lang.String) -> a
    void zzb(java.lang.String,org.json.JSONObject) -> b
com.google.android.gms.internal.ads.zzakt -> com.google.android.gms.internal.ads.r9:
    com.google.android.gms.internal.ads.zzakr zzdhj -> a
    void zzh(java.lang.Object) -> a
com.google.android.gms.internal.ads.zzaku -> com.google.android.gms.internal.ads.s9:
    com.google.android.gms.internal.ads.zzeg zzdhk -> c
    com.google.android.gms.internal.ads.zzakr zzdhj -> b
    com.google.android.gms.internal.ads.zzalm zzdhl -> d
com.google.android.gms.internal.ads.zzakv -> com.google.android.gms.internal.ads.t9:
    com.google.android.gms.internal.ads.zzalm zzdhm -> b
    com.google.android.gms.internal.ads.zzakr zzdhj -> a
    com.google.android.gms.internal.ads.zzaki zzdhn -> c
    void zzti() -> a
com.google.android.gms.internal.ads.zzakw -> com.google.android.gms.internal.ads.u9:
    com.google.android.gms.internal.ads.zzbci zzdho -> a
com.google.android.gms.internal.ads.zzakx -> com.google.android.gms.internal.ads.v9:
    com.google.android.gms.internal.ads.zzaki zzdhp -> b
    java.lang.Runnable zzb(com.google.android.gms.internal.ads.zzaki) -> a
com.google.android.gms.internal.ads.zzaky -> com.google.android.gms.internal.ads.w9:
    com.google.android.gms.internal.ads.zzalm zzdhm -> c
    com.google.android.gms.internal.ads.zzakr zzdhj -> b
    com.google.android.gms.internal.ads.zzaki zzdhn -> d
com.google.android.gms.internal.ads.zzakz -> com.google.android.gms.internal.ads.x9:
    com.google.android.gms.internal.ads.zzakr zzdht -> d
    com.google.android.gms.internal.ads.zzbaz zzdhs -> c
    com.google.android.gms.internal.ads.zzaki zzdhr -> b
    com.google.android.gms.internal.ads.zzeg zzdhq -> a
    void zza(java.lang.Object,java.util.Map) -> a
com.google.android.gms.internal.ads.zzal -> com.google.android.gms.internal.ads.y9:
    void zzb(java.lang.Object) -> d
com.google.android.gms.internal.ads.zzala -> com.google.android.gms.internal.ads.z9:
    com.google.android.gms.internal.ads.zzalm zzdhu -> a
    com.google.android.gms.internal.ads.zzakr zzdht -> c
    com.google.android.gms.internal.ads.zzaki zzdhr -> b
    void zza(java.lang.Object,java.util.Map) -> a
com.google.android.gms.internal.ads.zzalb -> com.google.android.gms.internal.ads.aa:
    com.google.android.gms.internal.ads.zzaki zzdhp -> b
    java.lang.Runnable zzb(com.google.android.gms.internal.ads.zzaki) -> a
com.google.android.gms.internal.ads.zzalc -> com.google.android.gms.internal.ads.ba:
    com.google.android.gms.internal.ads.zzalm zzdhu -> b
    com.google.android.gms.internal.ads.zzakr zzdht -> d
    com.google.android.gms.internal.ads.zzaki zzdhr -> c
com.google.android.gms.internal.ads.zzald -> com.google.android.gms.internal.ads.ca:
    com.google.android.gms.internal.ads.zzalm zzdhv -> a
    com.google.android.gms.internal.ads.zzakr zzdht -> b
com.google.android.gms.internal.ads.zzale -> com.google.android.gms.internal.ads.da:
    com.google.android.gms.internal.ads.zzalm zzdhv -> a
    com.google.android.gms.internal.ads.zzakr zzdht -> b
    void zzh(java.lang.Object) -> a
com.google.android.gms.internal.ads.zzalf -> com.google.android.gms.internal.ads.ea:
    void zzh(java.lang.Object) -> a
com.google.android.gms.internal.ads.zzalg -> com.google.android.gms.internal.ads.fa:
    int zzdhx -> b
    int zzdhw -> a
com.google.android.gms.internal.ads.zzalh -> com.google.android.gms.internal.ads.ga:
    void zzh(java.lang.Object) -> a
com.google.android.gms.internal.ads.zzali -> com.google.android.gms.internal.ads.ha:
    boolean zzdhz -> e
    java.lang.Object lock -> c
    com.google.android.gms.internal.ads.zzalm zzdhy -> d
    com.google.android.gms.internal.ads.zzalm zza(com.google.android.gms.internal.ads.zzali) -> a
    void release() -> c